Arguments: 
  C:\Program Files\nodejs\node.exe C:\Users\Matebook E\AppData\Roaming\npm\node_modules\yarn\bin\yarn.js add ioredis

PATH: 
  C:\Windows\System32\HWAudioDriverLibs;C:\Windows\system32;C:\Windows;C:\Windows\System32\Wbem;C:\Windows\System32\WindowsPowerShell\v1.0\;C:\Windows\System32\OpenSSH\;C:\Users\Administrator\AppData\Local\Microsoft\WindowsApps;C:\Program Files\nodejs\;D:\Program Files\Tencent\微信web开发者工具\dll;;C:\Program Files\Git\cmd;C:\Users\Matebook E\AppData\Local\Microsoft\WindowsApps;C:\Users\Matebook E\AppData\Local\Programs\Microsoft VS Code\bin;C:\Users\Matebook E\AppData\Roaming\npm

Yarn version: 
  1.22.17

Node version: 
  16.13.1

Platform: 
  win32 x64

Trace: 
  Error: EEXIST: file already exists, mkdir 'D:\coding\qfyun_srv\node_modules\ioredis'

npm manifest: 
  {
    "name": "srv",
    "version": "1.0.0",
    "description": "",
    "scripts": {
      "test": "echo \"Error: no test specified\" && exit 1"
    },
    "keywords": [],
    "author": "",
    "license": "ISC",
    "dependencies": {
      "@alicloud/sms-sdk": "^1.1.6",
      "body-parse": "^0.1.0",
      "cors": "^2.8.5",
      "express": "^4.17.1",
      "ioredis": "^4.28.2",
      "jsonwebtoken": "^8.5.1",
      "mongoose": "^6.0.14"
    }
  }

yarn manifest: 
  No manifest

Lockfile: 
  No lockfile
